<?xml version="1.0" encoding="UTF-8"?>
<testng-results skipped="0" failed="2" ignored="0" total="4" passed="2">
  <reporter-output>
  </reporter-output>
  <suite name="Parallel Execution" duration-ms="86067" started-at="2019-11-21T09:00:26Z" finished-at="2019-11-21T09:01:52Z">
    <groups>
    </groups>
    <test name="First Test" duration-ms="39796" started-at="2019-11-21T09:00:26Z" finished-at="2019-11-21T09:01:06Z">
      <class name="com.qa.shopping.tests.LandingPageTests">
        <test-method status="PASS" signature="setUpTest(java.lang.String)[pri:0, instance:com.qa.shopping.tests.LandingPageTests@44a3ec6b]" name="setUpTest" is-config="true" duration-ms="18119" started-at="2019-11-21T09:00:26Z" finished-at="2019-11-21T09:00:44Z">
          <params>
            <param index="0">
              <value>
                <![CDATA[chrome]]>
              </value>
            </param>
          </params>
          <reporter-output>
          </reporter-output>
        </test-method> <!-- setUpTest -->
        <test-method status="PASS" signature="setUpTest(java.lang.String)[pri:0, instance:com.qa.shopping.tests.LandingPageTests@44a3ec6b]" name="setUpTest" is-config="true" duration-ms="18568" started-at="2019-11-21T09:00:26Z" finished-at="2019-11-21T09:00:45Z">
          <params>
            <param index="0">
              <value>
                <![CDATA[chrome]]>
              </value>
            </param>
          </params>
          <reporter-output>
          </reporter-output>
        </test-method> <!-- setUpTest -->
        <test-method status="FAIL" signature="verifyContactUsInLinkTest()[pri:0, instance:com.qa.shopping.tests.LandingPageTests@44a3ec6b]" name="verifyContactUsInLinkTest" duration-ms="21014" started-at="2019-11-21T09:00:44Z" finished-at="2019-11-21T09:01:05Z">
          <exception class="org.openqa.selenium.TimeoutException">
            <message>
              <![CDATA[Expected condition failed: waiting for title to contain "My Store". Current title: "" (tried for 20 second(s) with 500 milliseconds interval)
Build info: version: '3.141.59', revision: 'e82be7d358', time: '2018-11-14T08:17:03'
System info: host: 'Sandeeps-MacBook-Air.local', ip: '192.168.0.2', os.name: 'Mac OS X', os.arch: 'x86_64', os.version: '10.13.6', java.version: '1.8.0_221'
Driver info: org.openqa.selenium.chrome.ChromeDriver
Capabilities {acceptInsecureCerts: false, browserName: chrome, browserVersion: 78.0.3904.97, chrome: {chromedriverVersion: 78.0.3904.105 (60e2d8774a81..., userDataDir: /var/folders/fj/116hfs353pn...}, goog:chromeOptions: {debuggerAddress: localhost:52644}, javascriptEnabled: true, networkConnectionEnabled: false, pageLoadStrategy: normal, platform: MAC, platformName: MAC, proxy: Proxy(), setWindowRect: true, strictFileInteractability: false, timeouts: {implicit: 0, pageLoad: 300000, script: 30000}, unhandledPromptBehavior: dismiss and notify}
Session ID: d68f75d45e60f37bd36152170de37328]]>
            </message>
            <full-stacktrace>
              <![CDATA[org.openqa.selenium.TimeoutException: Expected condition failed: waiting for title to contain "My Store". Current title: "" (tried for 20 second(s) with 500 milliseconds interval)
Build info: version: '3.141.59', revision: 'e82be7d358', time: '2018-11-14T08:17:03'
System info: host: 'Sandeeps-MacBook-Air.local', ip: '192.168.0.2', os.name: 'Mac OS X', os.arch: 'x86_64', os.version: '10.13.6', java.version: '1.8.0_221'
Driver info: org.openqa.selenium.chrome.ChromeDriver
Capabilities {acceptInsecureCerts: false, browserName: chrome, browserVersion: 78.0.3904.97, chrome: {chromedriverVersion: 78.0.3904.105 (60e2d8774a81..., userDataDir: /var/folders/fj/116hfs353pn...}, goog:chromeOptions: {debuggerAddress: localhost:52644}, javascriptEnabled: true, networkConnectionEnabled: false, pageLoadStrategy: normal, platform: MAC, platformName: MAC, proxy: Proxy(), setWindowRect: true, strictFileInteractability: false, timeouts: {implicit: 0, pageLoad: 300000, script: 30000}, unhandledPromptBehavior: dismiss and notify}
Session ID: d68f75d45e60f37bd36152170de37328
at org.openqa.selenium.support.ui.WebDriverWait.timeoutException(WebDriverWait.java:95)
at org.openqa.selenium.support.ui.FluentWait.until(FluentWait.java:272)
at com.qa.shopping.utilities.ElementUtilities.waitForTitlePresent(ElementUtilities.java:76)
at com.qa.shopping.pages.LandingPage.<init>(LandingPage.java:20)
at com.qa.shopping.tests.LandingPageTests.verifyContactUsInLinkTest(LandingPageTests.java:23)
at sun.reflect.NativeMethodAccessorImpl.invoke0(Native Method)
at sun.reflect.NativeMethodAccessorImpl.invoke(NativeMethodAccessorImpl.java:62)
at sun.reflect.DelegatingMethodAccessorImpl.invoke(DelegatingMethodAccessorImpl.java:43)
at java.lang.reflect.Method.invoke(Method.java:498)
at org.testng.internal.MethodInvocationHelper.invokeMethod(MethodInvocationHelper.java:124)
at org.testng.internal.Invoker.invokeMethod(Invoker.java:583)
at org.testng.internal.Invoker.invokeTestMethod(Invoker.java:719)
at org.testng.internal.Invoker.invokeTestMethods(Invoker.java:989)
at org.testng.internal.TestMethodWorker.invokeTestMethods(TestMethodWorker.java:125)
at org.testng.internal.TestMethodWorker.run(TestMethodWorker.java:109)
at java.util.concurrent.ThreadPoolExecutor.runWorker(ThreadPoolExecutor.java:1149)
at java.util.concurrent.ThreadPoolExecutor$Worker.run(ThreadPoolExecutor.java:624)
at java.lang.Thread.run(Thread.java:748)
]]>
            </full-stacktrace>
          </exception> <!-- org.openqa.selenium.TimeoutException -->
          <reporter-output>
          </reporter-output>
        </test-method> <!-- verifyContactUsInLinkTest -->
        <test-method status="PASS" signature="verifySignInLinkTest()[pri:0, instance:com.qa.shopping.tests.LandingPageTests@44a3ec6b]" name="verifySignInLinkTest" duration-ms="189" started-at="2019-11-21T09:00:45Z" finished-at="2019-11-21T09:00:45Z">
          <reporter-output>
          </reporter-output>
        </test-method> <!-- verifySignInLinkTest -->
        <test-method status="PASS" signature="tearDownTest()[pri:0, instance:com.qa.shopping.tests.LandingPageTests@44a3ec6b]" name="tearDownTest" is-config="true" duration-ms="190" started-at="2019-11-21T09:00:45Z" finished-at="2019-11-21T09:00:45Z">
          <reporter-output>
          </reporter-output>
        </test-method> <!-- tearDownTest -->
        <test-method status="PASS" signature="tearDownTest()[pri:0, instance:com.qa.shopping.tests.LandingPageTests@44a3ec6b]" name="tearDownTest" is-config="true" duration-ms="255" started-at="2019-11-21T09:01:06Z" finished-at="2019-11-21T09:01:06Z">
          <reporter-output>
          </reporter-output>
        </test-method> <!-- tearDownTest -->
      </class> <!-- com.qa.shopping.tests.LandingPageTests -->
    </test> <!-- First Test -->
    <test name="Second Test" duration-ms="45421" started-at="2019-11-21T09:01:07Z" finished-at="2019-11-21T09:01:52Z">
      <class name="com.qa.shopping.tests.SignInPageTests">
        <test-method status="PASS" signature="setUpTest(java.lang.String)[pri:0, instance:com.qa.shopping.tests.SignInPageTests@7f416310]" name="setUpTest" is-config="true" duration-ms="23318" started-at="2019-11-21T09:01:07Z" finished-at="2019-11-21T09:01:30Z">
          <params>
            <param index="0">
              <value>
                <![CDATA[firefox]]>
              </value>
            </param>
          </params>
          <reporter-output>
          </reporter-output>
        </test-method> <!-- setUpTest -->
        <test-method status="PASS" signature="setUpTest(java.lang.String)[pri:0, instance:com.qa.shopping.tests.SignInPageTests@7f416310]" name="setUpTest" is-config="true" duration-ms="23397" started-at="2019-11-21T09:01:07Z" finished-at="2019-11-21T09:01:30Z">
          <params>
            <param index="0">
              <value>
                <![CDATA[firefox]]>
              </value>
            </param>
          </params>
          <reporter-output>
          </reporter-output>
        </test-method> <!-- setUpTest -->
        <test-method status="FAIL" signature="verifyUserSignInPageTest()[pri:0, instance:com.qa.shopping.tests.SignInPageTests@7f416310]" name="verifyUserSignInPageTest" duration-ms="20129" started-at="2019-11-21T09:01:30Z" finished-at="2019-11-21T09:01:50Z">
          <exception class="org.openqa.selenium.TimeoutException">
            <message>
              <![CDATA[Expected condition failed: waiting for title to contain "My Store". Current title: "" (tried for 20 second(s) with 500 milliseconds interval)
Build info: version: '3.141.59', revision: 'e82be7d358', time: '2018-11-14T08:17:03'
System info: host: 'Sandeeps-MacBook-Air.local', ip: '192.168.0.2', os.name: 'Mac OS X', os.arch: 'x86_64', os.version: '10.13.6', java.version: '1.8.0_221'
Driver info: org.openqa.selenium.firefox.FirefoxDriver
Capabilities {acceptInsecureCerts: true, browserName: firefox, browserVersion: 70.0.1, javascriptEnabled: true, moz:accessibilityChecks: false, moz:buildID: 20191030021342, moz:geckodriverVersion: 0.26.0, moz:headless: false, moz:processID: 43657, moz:profile: /var/folders/fj/116hfs353pn..., moz:shutdownTimeout: 60000, moz:useNonSpecCompliantPointerOrigin: false, moz:webdriverClick: true, pageLoadStrategy: normal, platform: MAC, platformName: MAC, platformVersion: 17.7.0, rotatable: false, setWindowRect: true, strictFileInteractability: false, timeouts: {implicit: 0, pageLoad: 300000, script: 30000}, unhandledPromptBehavior: dismiss and notify}
Session ID: 54b03ce1-e540-cf41-b800-76e58f6ec4ea]]>
            </message>
            <full-stacktrace>
              <![CDATA[org.openqa.selenium.TimeoutException: Expected condition failed: waiting for title to contain "My Store". Current title: "" (tried for 20 second(s) with 500 milliseconds interval)
Build info: version: '3.141.59', revision: 'e82be7d358', time: '2018-11-14T08:17:03'
System info: host: 'Sandeeps-MacBook-Air.local', ip: '192.168.0.2', os.name: 'Mac OS X', os.arch: 'x86_64', os.version: '10.13.6', java.version: '1.8.0_221'
Driver info: org.openqa.selenium.firefox.FirefoxDriver
Capabilities {acceptInsecureCerts: true, browserName: firefox, browserVersion: 70.0.1, javascriptEnabled: true, moz:accessibilityChecks: false, moz:buildID: 20191030021342, moz:geckodriverVersion: 0.26.0, moz:headless: false, moz:processID: 43657, moz:profile: /var/folders/fj/116hfs353pn..., moz:shutdownTimeout: 60000, moz:useNonSpecCompliantPointerOrigin: false, moz:webdriverClick: true, pageLoadStrategy: normal, platform: MAC, platformName: MAC, platformVersion: 17.7.0, rotatable: false, setWindowRect: true, strictFileInteractability: false, timeouts: {implicit: 0, pageLoad: 300000, script: 30000}, unhandledPromptBehavior: dismiss and notify}
Session ID: 54b03ce1-e540-cf41-b800-76e58f6ec4ea
at org.openqa.selenium.support.ui.WebDriverWait.timeoutException(WebDriverWait.java:95)
at org.openqa.selenium.support.ui.FluentWait.until(FluentWait.java:272)
at com.qa.shopping.utilities.ElementUtilities.waitForTitlePresent(ElementUtilities.java:76)
at com.qa.shopping.pages.LandingPage.<init>(LandingPage.java:20)
at com.qa.shopping.tests.SignInPageTests.verifyUserSignInPageTest(SignInPageTests.java:20)
at sun.reflect.NativeMethodAccessorImpl.invoke0(Native Method)
at sun.reflect.NativeMethodAccessorImpl.invoke(NativeMethodAccessorImpl.java:62)
at sun.reflect.DelegatingMethodAccessorImpl.invoke(DelegatingMethodAccessorImpl.java:43)
at java.lang.reflect.Method.invoke(Method.java:498)
at org.testng.internal.MethodInvocationHelper.invokeMethod(MethodInvocationHelper.java:124)
at org.testng.internal.Invoker.invokeMethod(Invoker.java:583)
at org.testng.internal.Invoker.invokeTestMethod(Invoker.java:719)
at org.testng.internal.Invoker.invokeTestMethods(Invoker.java:989)
at org.testng.internal.TestMethodWorker.invokeTestMethods(TestMethodWorker.java:125)
at org.testng.internal.TestMethodWorker.run(TestMethodWorker.java:109)
at java.util.concurrent.ThreadPoolExecutor.runWorker(ThreadPoolExecutor.java:1149)
at java.util.concurrent.ThreadPoolExecutor$Worker.run(ThreadPoolExecutor.java:624)
at java.lang.Thread.run(Thread.java:748)
]]>
            </full-stacktrace>
          </exception> <!-- org.openqa.selenium.TimeoutException -->
          <reporter-output>
          </reporter-output>
        </test-method> <!-- verifyUserSignInPageTest -->
        <test-method status="PASS" signature="verifyForgotPasswordLinkTest()[pri:0, instance:com.qa.shopping.tests.SignInPageTests@7f416310]" name="verifyForgotPasswordLinkTest" duration-ms="3182" started-at="2019-11-21T09:01:30Z" finished-at="2019-11-21T09:01:33Z">
          <reporter-output>
          </reporter-output>
        </test-method> <!-- verifyForgotPasswordLinkTest -->
        <test-method status="PASS" signature="tearDownTest()[pri:0, instance:com.qa.shopping.tests.SignInPageTests@7f416310]" name="tearDownTest" is-config="true" duration-ms="3353" started-at="2019-11-21T09:01:33Z" finished-at="2019-11-21T09:01:37Z">
          <reporter-output>
          </reporter-output>
        </test-method> <!-- tearDownTest -->
        <test-method status="PASS" signature="tearDownTest()[pri:0, instance:com.qa.shopping.tests.SignInPageTests@7f416310]" name="tearDownTest" is-config="true" duration-ms="1885" started-at="2019-11-21T09:01:50Z" finished-at="2019-11-21T09:01:52Z">
          <reporter-output>
          </reporter-output>
        </test-method> <!-- tearDownTest -->
      </class> <!-- com.qa.shopping.tests.SignInPageTests -->
    </test> <!-- Second Test -->
  </suite> <!-- Parallel Execution -->
</testng-results>
